<?xml version="1.0" encoding="UTF-8"?>
<testng-results skipped="0" failed="0" total="1" passed="1">
  <reporter-output>
  </reporter-output>
  <suite name="MyTestSuite" duration-ms="22804" started-at="2021-04-24T00:53:54Z" finished-at="2021-04-24T00:54:16Z">
    <groups>
    </groups>
    <test name="Test" duration-ms="22804" started-at="2021-04-24T00:53:54Z" finished-at="2021-04-24T00:54:16Z">
      <class name="testsuite.LoginTest">
        <test-method status="PASS" signature="setUp()" name="setUp" is-config="true" duration-ms="7572" started-at="2021-04-24T00:53:54Z" finished-at="2021-04-24T00:54:01Z">
        </test-method>
        <test-method status="PASS" signature="loginpage()" name="loginpage" duration-ms="14433" started-at="2021-04-24T00:54:01Z" finished-at="2021-04-24T00:54:16Z">
        </test-method>
        <test-method status="PASS" signature="tearDown()" name="tearDown" is-config="true" duration-ms="788" started-at="2021-04-24T00:54:16Z" finished-at="2021-04-24T00:54:16Z">
        </test-method>
      </class>
    </test>
  </suite>
</testng-results>
