<?xml version="1.0" encoding="UTF-8"?>
<testng-results skipped="0" failed="0" total="1" passed="1">
  <reporter-output>
  </reporter-output>
  <suite name="Default suite" duration-ms="25958" started-at="2021-04-24T00:25:28Z" finished-at="2021-04-24T00:25:54Z">
    <groups>
    </groups>
    <test name="Default test" duration-ms="25958" started-at="2021-04-24T00:25:28Z" finished-at="2021-04-24T00:25:54Z">
      <class name="testsuite.LoginTest">
        <test-method status="PASS" signature="setUp()" name="setUp" is-config="true" duration-ms="11121" started-at="2021-04-24T00:25:28Z" finished-at="2021-04-24T00:25:39Z">
        </test-method>
        <test-method status="PASS" signature="loginpage()" name="loginpage" duration-ms="14809" started-at="2021-04-24T00:25:39Z" finished-at="2021-04-24T00:25:54Z">
        </test-method>
      </class>
    </test>
  </suite>
</testng-results>
